<?xml version="1.0" encoding="UTF-8"?>
<!-- Generated by org.testng.reporters.JUnitXMLReporter -->
<testsuite ignored="0" hostname="LTIN236692" failures="0" tests="7" name="Testchrome" time="58.904" errors="0" timestamp="2024-01-30T14:15:06 IST">
  <testcase classname="basepage.base" name="read" time="0.404"/>
  <testcase classname="basepage.base" name="search" time="11.267"/>
  <testcase classname="basepage.base" name="dashboardUrl" time="2.023"/>
  <testcase classname="basepage.base" name="searchingJobs" time="3.657"/>
  <testcase classname="basepage.base" name="checkingJobTitle" time="11.841"/>
  <testcase classname="basepage.base" name="addingJob" time="7.025"/>
  <testcase classname="basepage.base" name="logOut" time="5.172"/>
</testsuite> <!-- Testchrome -->
